{"name": "Тест увеличения счетчика при добавлении ингредиента в заказ", "status": "broken", "statusDetails": {"message": "selenium.common.exceptions.TimeoutException: Message: \nStacktrace:\nRemoteError@chrome://remote/content/shared/RemoteError.sys.mjs:8:8\nWebDriverError@chrome://remote/content/shared/webdriver/Errors.sys.mjs:187:5\nNoSuchElementError@chrome://remote/content/shared/webdriver/Errors.sys.mjs:505:5\nelement.find/</<@chrome://remote/content/marionette/element.sys.mjs:135:16", "trace": "self = <tests.test_main_page.TestMainPage object at 0x0000023FE25587D0>\ndriver = <selenium.webdriver.firefox.webdriver.WebDriver (session=\"cdcd8594-7ce1-43c0-b594-c0eea92fd5ce\")>\n\n    @allure.title('Тест увеличения счетчика при добавлении ингредиента в заказ')\n    def test_ingredient_counter(self, driver):\n        main_page = MainPage(driver)\n        main_page.bun_drag_drop()\n>       main_page.check_ingredient_counter()\n\ntests\\test_main_page.py:37: \n_ _ _ _ _ _ _ _ _ _ _ _ _ _ _ _ _ _ _ _ _ _ _ _ _ _ _ _ _ _ _ _ _ _ _ _ _ _ _ _ _ _ _ _ _ _ _ _ _ _ _ _ _ _ _ _ _ _ _ _ _ _ _ _ _ _ _ _ _ _ _ _ _ _ _ _ _ _ _ _ _ \npages\\main_page.py:58: in check_ingredient_counter\n    assert self.check_element(MainPageLocators.ingredient_counter)\npages\\base_page.py:35: in check_element\n    self.wait_for_visibility_of_element(locator)\npages\\base_page.py:19: in wait_for_visibility_of_element\n    WebDriverWait(self.driver, 15).until(expected_conditions.visibility_of_element_located(locator))\n_ _ _ _ _ _ _ _ _ _ _ _ _ _ _ _ _ _ _ _ _ _ _ _ _ _ _ _ _ _ _ _ _ _ _ _ _ _ _ _ _ _ _ _ _ _ _ _ _ _ _ _ _ _ _ _ _ _ _ _ _ _ _ _ _ _ _ _ _ _ _ _ _ _ _ _ _ _ _ _ _ \n\nself = <selenium.webdriver.support.wait.WebDriverWait (session=\"cdcd8594-7ce1-43c0-b594-c0eea92fd5ce\")>\nmethod = <function visibility_of_element_located.<locals>._predicate at 0x0000023FE25A9080>, message = ''\n\n    def until(self, method: Callable[[D], Union[Literal[False], T]], message: str = \"\") -> T:\n        \"\"\"Calls the method provided with the driver as an argument until the \\\n        return value does not evaluate to ``False``.\n    \n        :param method: callable(WebDriver)\n        :param message: optional message for :exc:`TimeoutException`\n        :returns: the result of the last call to `method`\n        :raises: :exc:`selenium.common.exceptions.TimeoutException` if timeout occurs\n        \"\"\"\n        screen = None\n        stacktrace = None\n    \n        end_time = time.monotonic() + self._timeout\n        while True:\n            try:\n                value = method(self._driver)\n                if value:\n                    return value\n            except self._ignored_exceptions as exc:\n                screen = getattr(exc, \"screen\", None)\n                stacktrace = getattr(exc, \"stacktrace\", None)\n            time.sleep(self._poll)\n            if time.monotonic() > end_time:\n                break\n>       raise TimeoutException(message, screen, stacktrace)\nE       selenium.common.exceptions.TimeoutException: Message: \nE       Stacktrace:\nE       RemoteError@chrome://remote/content/shared/RemoteError.sys.mjs:8:8\nE       WebDriverError@chrome://remote/content/shared/webdriver/Errors.sys.mjs:187:5\nE       NoSuchElementError@chrome://remote/content/shared/webdriver/Errors.sys.mjs:505:5\nE       element.find/</<@chrome://remote/content/marionette/element.sys.mjs:135:16\n\nvenv\\Lib\\site-packages\\selenium\\webdriver\\support\\wait.py:105: TimeoutException"}, "steps": [{"name": "Перетаскивание булки в корзину", "status": "passed", "steps": [{"name": "Перетаскивание элемента", "status": "passed", "parameters": [{"name": "source_element", "value": "['xpath', \"//img[@alt='Флюоресцентная булка R2-D3']\"]"}, {"name": "target_element", "value": "['xpath', \"//span[@class='constructor-element__text']\"]"}], "start": 1719663244335, "stop": 1719663245255}], "start": 1719663244326, "stop": 1719663245255}, {"name": "Проверка счетчика ингредиента после добавления в корзину", "status": "broken", "statusDetails": {"message": "selenium.common.exceptions.TimeoutException: Message: \nStacktrace:\nRemoteError@chrome://remote/content/shared/RemoteError.sys.mjs:8:8\nWebDriverError@chrome://remote/content/shared/webdriver/Errors.sys.mjs:187:5\nNoSuchElementError@chrome://remote/content/shared/webdriver/Errors.sys.mjs:505:5\nelement.find/</<@chrome://remote/content/marionette/element.sys.mjs:135:16\n\n", "trace": "  File \"C:\\Users\\kolya\\PycharmProjects\\Diplom_Polina_Ziuzina_8\\Diplom_3\\venv\\Lib\\site-packages\\allure_commons\\_allure.py\", line 192, in impl\n    return func(*a, **kw)\n           ^^^^^^^^^^^^^^\n  File \"C:\\Users\\kolya\\PycharmProjects\\Diplom_Polina_Ziuzina_8\\Diplom_3\\pages\\main_page.py\", line 58, in check_ingredient_counter\n    assert self.check_element(MainPageLocators.ingredient_counter)\n           ^^^^^^^^^^^^^^^^^^^^^^^^^^^^^^^^^^^^^^^^^^^^^^^^^^^^^^^\n  File \"C:\\Users\\kolya\\PycharmProjects\\Diplom_Polina_Ziuzina_8\\Diplom_3\\venv\\Lib\\site-packages\\allure_commons\\_allure.py\", line 192, in impl\n    return func(*a, **kw)\n           ^^^^^^^^^^^^^^\n  File \"C:\\Users\\kolya\\PycharmProjects\\Diplom_Polina_Ziuzina_8\\Diplom_3\\pages\\base_page.py\", line 35, in check_element\n    self.wait_for_visibility_of_element(locator)\n  File \"C:\\Users\\kolya\\PycharmProjects\\Diplom_Polina_Ziuzina_8\\Diplom_3\\venv\\Lib\\site-packages\\allure_commons\\_allure.py\", line 192, in impl\n    return func(*a, **kw)\n           ^^^^^^^^^^^^^^\n  File \"C:\\Users\\kolya\\PycharmProjects\\Diplom_Polina_Ziuzina_8\\Diplom_3\\pages\\base_page.py\", line 19, in wait_for_visibility_of_element\n    WebDriverWait(self.driver, 15).until(expected_conditions.visibility_of_element_located(locator))\n  File \"C:\\Users\\kolya\\PycharmProjects\\Diplom_Polina_Ziuzina_8\\Diplom_3\\venv\\Lib\\site-packages\\selenium\\webdriver\\support\\wait.py\", line 105, in until\n    raise TimeoutException(message, screen, stacktrace)\n"}, "steps": [{"name": "Проверка наличия элемента", "status": "broken", "statusDetails": {"message": "selenium.common.exceptions.TimeoutException: Message: \nStacktrace:\nRemoteError@chrome://remote/content/shared/RemoteError.sys.mjs:8:8\nWebDriverError@chrome://remote/content/shared/webdriver/Errors.sys.mjs:187:5\nNoSuchElementError@chrome://remote/content/shared/webdriver/Errors.sys.mjs:505:5\nelement.find/</<@chrome://remote/content/marionette/element.sys.mjs:135:16\n\n", "trace": "  File \"C:\\Users\\kolya\\PycharmProjects\\Diplom_Polina_Ziuzina_8\\Diplom_3\\venv\\Lib\\site-packages\\allure_commons\\_allure.py\", line 192, in impl\n    return func(*a, **kw)\n           ^^^^^^^^^^^^^^\n  File \"C:\\Users\\kolya\\PycharmProjects\\Diplom_Polina_Ziuzina_8\\Diplom_3\\pages\\base_page.py\", line 35, in check_element\n    self.wait_for_visibility_of_element(locator)\n  File \"C:\\Users\\kolya\\PycharmProjects\\Diplom_Polina_Ziuzina_8\\Diplom_3\\venv\\Lib\\site-packages\\allure_commons\\_allure.py\", line 192, in impl\n    return func(*a, **kw)\n           ^^^^^^^^^^^^^^\n  File \"C:\\Users\\kolya\\PycharmProjects\\Diplom_Polina_Ziuzina_8\\Diplom_3\\pages\\base_page.py\", line 19, in wait_for_visibility_of_element\n    WebDriverWait(self.driver, 15).until(expected_conditions.visibility_of_element_located(locator))\n  File \"C:\\Users\\kolya\\PycharmProjects\\Diplom_Polina_Ziuzina_8\\Diplom_3\\venv\\Lib\\site-packages\\selenium\\webdriver\\support\\wait.py\", line 105, in until\n    raise TimeoutException(message, screen, stacktrace)\n"}, "steps": [{"name": "Ожидание появления элемента", "status": "broken", "statusDetails": {"message": "selenium.common.exceptions.TimeoutException: Message: \nStacktrace:\nRemoteError@chrome://remote/content/shared/RemoteError.sys.mjs:8:8\nWebDriverError@chrome://remote/content/shared/webdriver/Errors.sys.mjs:187:5\nNoSuchElementError@chrome://remote/content/shared/webdriver/Errors.sys.mjs:505:5\nelement.find/</<@chrome://remote/content/marionette/element.sys.mjs:135:16\n\n", "trace": "  File \"C:\\Users\\kolya\\PycharmProjects\\Diplom_Polina_Ziuzina_8\\Diplom_3\\venv\\Lib\\site-packages\\allure_commons\\_allure.py\", line 192, in impl\n    return func(*a, **kw)\n           ^^^^^^^^^^^^^^\n  File \"C:\\Users\\kolya\\PycharmProjects\\Diplom_Polina_Ziuzina_8\\Diplom_3\\pages\\base_page.py\", line 19, in wait_for_visibility_of_element\n    WebDriverWait(self.driver, 15).until(expected_conditions.visibility_of_element_located(locator))\n  File \"C:\\Users\\kolya\\PycharmProjects\\Diplom_Polina_Ziuzina_8\\Diplom_3\\venv\\Lib\\site-packages\\selenium\\webdriver\\support\\wait.py\", line 105, in until\n    raise TimeoutException(message, screen, stacktrace)\n"}, "parameters": [{"name": "locator", "value": "['xpath', '//p[text()=2]']"}], "start": 1719663245259, "stop": 1719663260486}], "parameters": [{"name": "locator", "value": "['xpath', '//p[text()=2]']"}], "start": 1719663245259, "stop": 1719663260542}], "start": 1719663245256, "stop": 1719663260544}], "parameters": [{"name": "driver", "value": "'firefox'"}], "start": 1719663244294, "stop": 1719663260547, "uuid": "4cd82a32-7d0d-4d95-aa85-48f7e7f2a907", "historyId": "f8b71032826608b79636ae1705364834", "testCaseId": "e24dc44bc4d63adaf20e5d6c7cc55b25", "fullName": "tests.test_main_page.TestMainPage#test_ingredient_counter", "labels": [{"name": "parentSuite", "value": "tests"}, {"name": "suite", "value": "test_main_page"}, {"name": "subSuite", "value": "TestMainPage"}, {"name": "host", "value": "LAPTOP-SK1MV6LR"}, {"name": "thread", "value": "1384-MainThread"}, {"name": "framework", "value": "pytest"}, {"name": "language", "value": "cpython3"}, {"name": "package", "value": "tests.test_main_page"}]}