{"name": "Тест на отображении заказа из \"Истории заказов\" в \"Ленте заказов\"", "status": "broken", "statusDetails": {"message": "selenium.common.exceptions.TimeoutException: Message:", "trace": "self = <tests.test_order_feed.TestOrderFeed object at 0x0000023FE2558BF0>\ndriver = <selenium.webdriver.firefox.webdriver.WebDriver (session=\"bc90e120-0103-488e-8832-b7fa67f340e2\")>\ncreate_user = ({'email': 'cervantesanthony@example.org', 'name': 'James Simmons', 'password': '*5PO^Imp@x'}, <Response [200]>), login = None\n\n    @allure.title('Тест на отображении заказа из \"Истории заказов\" в \"Ленте заказов\"')\n    def test_order_displayed_in_order_feed_and_order_history(self, driver, create_user, login):\n        main_page = MainPage(driver)\n        account_page = PersonalAccountPage(driver)\n        order_page = OrderFeedPage(driver)\n>       main_page.create_order()\n\ntests\\test_order_feed.py:22: \n_ _ _ _ _ _ _ _ _ _ _ _ _ _ _ _ _ _ _ _ _ _ _ _ _ _ _ _ _ _ _ _ _ _ _ _ _ _ _ _ _ _ _ _ _ _ _ _ _ _ _ _ _ _ _ _ _ _ _ _ _ _ _ _ _ _ _ _ _ _ _ _ _ _ _ _ _ _ _ _ _ \npages\\main_page.py:79: in create_order\n    self.check_invisibility(MainPageLocators.default_number_order)\npages\\base_page.py:51: in check_invisibility\n    return WebDriverWait(self.driver, 15).until(expected_conditions.invisibility_of_element(locator))\n_ _ _ _ _ _ _ _ _ _ _ _ _ _ _ _ _ _ _ _ _ _ _ _ _ _ _ _ _ _ _ _ _ _ _ _ _ _ _ _ _ _ _ _ _ _ _ _ _ _ _ _ _ _ _ _ _ _ _ _ _ _ _ _ _ _ _ _ _ _ _ _ _ _ _ _ _ _ _ _ _ \n\nself = <selenium.webdriver.support.wait.WebDriverWait (session=\"bc90e120-0103-488e-8832-b7fa67f340e2\")>\nmethod = <function invisibility_of_element_located.<locals>._predicate at 0x0000023FE25A9760>, message = ''\n\n    def until(self, method: Callable[[D], Union[Literal[False], T]], message: str = \"\") -> T:\n        \"\"\"Calls the method provided with the driver as an argument until the \\\n        return value does not evaluate to ``False``.\n    \n        :param method: callable(WebDriver)\n        :param message: optional message for :exc:`TimeoutException`\n        :returns: the result of the last call to `method`\n        :raises: :exc:`selenium.common.exceptions.TimeoutException` if timeout occurs\n        \"\"\"\n        screen = None\n        stacktrace = None\n    \n        end_time = time.monotonic() + self._timeout\n        while True:\n            try:\n                value = method(self._driver)\n                if value:\n                    return value\n            except self._ignored_exceptions as exc:\n                screen = getattr(exc, \"screen\", None)\n                stacktrace = getattr(exc, \"stacktrace\", None)\n            time.sleep(self._poll)\n            if time.monotonic() > end_time:\n                break\n>       raise TimeoutException(message, screen, stacktrace)\nE       selenium.common.exceptions.TimeoutException: Message:\n\nvenv\\Lib\\site-packages\\selenium\\webdriver\\support\\wait.py:105: TimeoutException"}, "steps": [{"name": "Создание заказа", "status": "broken", "statusDetails": {"message": "selenium.common.exceptions.TimeoutException: Message: \n\n", "trace": "  File \"C:\\Users\\kolya\\PycharmProjects\\Diplom_Polina_Ziuzina_8\\Diplom_3\\venv\\Lib\\site-packages\\allure_commons\\_allure.py\", line 192, in impl\n    return func(*a, **kw)\n           ^^^^^^^^^^^^^^\n  File \"C:\\Users\\kolya\\PycharmProjects\\Diplom_Polina_Ziuzina_8\\Diplom_3\\pages\\main_page.py\", line 79, in create_order\n    self.check_invisibility(MainPageLocators.default_number_order)\n  File \"C:\\Users\\kolya\\PycharmProjects\\Diplom_Polina_Ziuzina_8\\Diplom_3\\venv\\Lib\\site-packages\\allure_commons\\_allure.py\", line 192, in impl\n    return func(*a, **kw)\n           ^^^^^^^^^^^^^^\n  File \"C:\\Users\\kolya\\PycharmProjects\\Diplom_Polina_Ziuzina_8\\Diplom_3\\pages\\base_page.py\", line 51, in check_invisibility\n    return WebDriverWait(self.driver, 15).until(expected_conditions.invisibility_of_element(locator))\n           ^^^^^^^^^^^^^^^^^^^^^^^^^^^^^^^^^^^^^^^^^^^^^^^^^^^^^^^^^^^^^^^^^^^^^^^^^^^^^^^^^^^^^^^^^^\n  File \"C:\\Users\\kolya\\PycharmProjects\\Diplom_Polina_Ziuzina_8\\Diplom_3\\venv\\Lib\\site-packages\\selenium\\webdriver\\support\\wait.py\", line 105, in until\n    raise TimeoutException(message, screen, stacktrace)\n"}, "steps": [{"name": "Ожидание кликабельности элемента", "status": "passed", "parameters": [{"name": "locator", "value": "['xpath', \"//img[@alt='Флюоресцентная булка R2-D3']\"]"}], "start": 1719663407030, "stop": 1719663407259}, {"name": "Перетаскивание булки в корзину", "status": "passed", "steps": [{"name": "Перетаскивание элемента", "status": "passed", "parameters": [{"name": "source_element", "value": "['xpath', \"//img[@alt='Флюоресцентная булка R2-D3']\"]"}, {"name": "target_element", "value": "['xpath', \"//span[@class='constructor-element__text']\"]"}], "start": 1719663407260, "stop": 1719663408001}], "start": 1719663407259, "stop": 1719663408001}, {"name": "Клик на кнопку \"Оформить заказ\"", "status": "passed", "steps": [{"name": "Ожидание кликабельности элемента", "status": "passed", "parameters": [{"name": "locator", "value": "['xpath', \"//button[text()='Оформить заказ']\"]"}], "start": 1719663408004, "stop": 1719663408099}, {"name": "Клик по элементу", "status": "passed", "parameters": [{"name": "locator", "value": "['xpath', \"//button[text()='Оформить заказ']\"]"}], "start": 1719663408099, "stop": 1719663408360}], "start": 1719663408003, "stop": 1719663408360}, {"name": "Проверка отсутствия элемента", "status": "broken", "statusDetails": {"message": "selenium.common.exceptions.TimeoutException: Message: \n\n", "trace": "  File \"C:\\Users\\kolya\\PycharmProjects\\Diplom_Polina_Ziuzina_8\\Diplom_3\\venv\\Lib\\site-packages\\allure_commons\\_allure.py\", line 192, in impl\n    return func(*a, **kw)\n           ^^^^^^^^^^^^^^\n  File \"C:\\Users\\kolya\\PycharmProjects\\Diplom_Polina_Ziuzina_8\\Diplom_3\\pages\\base_page.py\", line 51, in check_invisibility\n    return WebDriverWait(self.driver, 15).until(expected_conditions.invisibility_of_element(locator))\n           ^^^^^^^^^^^^^^^^^^^^^^^^^^^^^^^^^^^^^^^^^^^^^^^^^^^^^^^^^^^^^^^^^^^^^^^^^^^^^^^^^^^^^^^^^^\n  File \"C:\\Users\\kolya\\PycharmProjects\\Diplom_Polina_Ziuzina_8\\Diplom_3\\venv\\Lib\\site-packages\\selenium\\webdriver\\support\\wait.py\", line 105, in until\n    raise TimeoutException(message, screen, stacktrace)\n"}, "parameters": [{"name": "locator", "value": "['xpath', '//h2[text()=\"9999\"]']"}], "start": 1719663408361, "stop": 1719663423788}], "start": 1719663407017, "stop": 1719663423826}], "parameters": [{"name": "driver", "value": "'firefox'"}], "start": 1719663406968, "stop": 1719663423828, "uuid": "af7ae926-a66e-4416-8aee-cc6fdd102cc3", "historyId": "68ca4c711141bccc6d6ccbb5f5d7fd0d", "testCaseId": "0ac71fcd600b9065e3e5667da5117ace", "fullName": "tests.test_order_feed.TestOrderFeed#test_order_displayed_in_order_feed_and_order_history", "labels": [{"name": "parentSuite", "value": "tests"}, {"name": "suite", "value": "test_order_feed"}, {"name": "subSuite", "value": "TestOrderFeed"}, {"name": "host", "value": "LAPTOP-SK1MV6LR"}, {"name": "thread", "value": "1384-MainThread"}, {"name": "framework", "value": "pytest"}, {"name": "language", "value": "cpython3"}, {"name": "package", "value": "tests.test_order_feed"}]}