{"name": "Тест на отображении заказа из \"Истории заказов\" в \"Ленте заказов\"", "status": "broken", "statusDetails": {"message": "selenium.common.exceptions.TimeoutException: Message: \nStacktrace:\n\tGetHandleVerifier [0x00007FF7A3E3EEA2+31554]\n\t(No symbol) [0x00007FF7A3DB7ED9]\n\t(No symbol) [0x00007FF7A3C7872A]\n\t(No symbol) [0x00007FF7A3CC8434]\n\t(No symbol) [0x00007FF7A3CC853C]\n\t(No symbol) [0x00007FF7A3D0F6A7]\n\t(No symbol) [0x00007FF7A3CED06F]\n\t(No symbol) [0x00007FF7A3D0C977]\n\t(No symbol) [0x00007FF7A3CECDD3]\n\t(No symbol) [0x00007FF7A3CBA33B]\n\t(No symbol) [0x00007FF7A3CBAED1]\n\tGetHandleVerifier [0x00007FF7A4148B1D+3217341]\n\tGetHandleVerifier [0x00007FF7A4195AE3+3532675]\n\tGetHandleVerifier [0x00007FF7A418B0E0+3489152]\n\tGetHandleVerifier [0x00007FF7A3EEE776+750614]\n\t(No symbol) [0x00007FF7A3DC375F]\n\t(No symbol) [0x00007FF7A3DBEB14]\n\t(No symbol) [0x00007FF7A3DBECA2]\n\t(No symbol) [0x00007FF7A3DAE16F]\n\tBaseThreadInitThunk [0x00007FF839587344+20]\n\tRtlUserThreadStart [0x00007FF83997CC91+33]", "trace": "self = <tests.test_order_feed.TestOrderFeed object at 0x0000023FE255A600>\ndriver = <selenium.webdriver.chrome.webdriver.WebDriver (session=\"20d39e90f55b2a9e4aa689ad2cb606ae\")>\ncreate_user = ({'email': 'gina03@example.net', 'name': 'Tony Hicks', 'password': '!1zFW$n42k'}, <Response [403]>), login = None\n\n    @allure.title('Тест на отображении заказа из \"Истории заказов\" в \"Ленте заказов\"')\n    def test_order_displayed_in_order_feed_and_order_history(self, driver, create_user, login):\n        main_page = MainPage(driver)\n        account_page = PersonalAccountPage(driver)\n        order_page = OrderFeedPage(driver)\n>       main_page.create_order()\n\ntests\\test_order_feed.py:22: \n_ _ _ _ _ _ _ _ _ _ _ _ _ _ _ _ _ _ _ _ _ _ _ _ _ _ _ _ _ _ _ _ _ _ _ _ _ _ _ _ _ _ _ _ _ _ _ _ _ _ _ _ _ _ _ _ _ _ _ _ _ _ _ _ _ _ _ _ _ _ _ _ _ _ _ _ _ _ _ _ _ \npages\\main_page.py:76: in create_order\n    self.wait_for_element_to_be_clickable(MainPageLocators.bun)\npages\\base_page.py:23: in wait_for_element_to_be_clickable\n    WebDriverWait(self.driver, 3).until(expected_conditions.element_to_be_clickable(locator))\n_ _ _ _ _ _ _ _ _ _ _ _ _ _ _ _ _ _ _ _ _ _ _ _ _ _ _ _ _ _ _ _ _ _ _ _ _ _ _ _ _ _ _ _ _ _ _ _ _ _ _ _ _ _ _ _ _ _ _ _ _ _ _ _ _ _ _ _ _ _ _ _ _ _ _ _ _ _ _ _ _ \n\nself = <selenium.webdriver.support.wait.WebDriverWait (session=\"20d39e90f55b2a9e4aa689ad2cb606ae\")>\nmethod = <function element_to_be_clickable.<locals>._predicate at 0x0000023FE2691940>, message = ''\n\n    def until(self, method: Callable[[D], Union[Literal[False], T]], message: str = \"\") -> T:\n        \"\"\"Calls the method provided with the driver as an argument until the \\\n        return value does not evaluate to ``False``.\n    \n        :param method: callable(WebDriver)\n        :param message: optional message for :exc:`TimeoutException`\n        :returns: the result of the last call to `method`\n        :raises: :exc:`selenium.common.exceptions.TimeoutException` if timeout occurs\n        \"\"\"\n        screen = None\n        stacktrace = None\n    \n        end_time = time.monotonic() + self._timeout\n        while True:\n            try:\n                value = method(self._driver)\n                if value:\n                    return value\n            except self._ignored_exceptions as exc:\n                screen = getattr(exc, \"screen\", None)\n                stacktrace = getattr(exc, \"stacktrace\", None)\n            time.sleep(self._poll)\n            if time.monotonic() > end_time:\n                break\n>       raise TimeoutException(message, screen, stacktrace)\nE       selenium.common.exceptions.TimeoutException: Message: \nE       Stacktrace:\nE       \tGetHandleVerifier [0x00007FF7A3E3EEA2+31554]\nE       \t(No symbol) [0x00007FF7A3DB7ED9]\nE       \t(No symbol) [0x00007FF7A3C7872A]\nE       \t(No symbol) [0x00007FF7A3CC8434]\nE       \t(No symbol) [0x00007FF7A3CC853C]\nE       \t(No symbol) [0x00007FF7A3D0F6A7]\nE       \t(No symbol) [0x00007FF7A3CED06F]\nE       \t(No symbol) [0x00007FF7A3D0C977]\nE       \t(No symbol) [0x00007FF7A3CECDD3]\nE       \t(No symbol) [0x00007FF7A3CBA33B]\nE       \t(No symbol) [0x00007FF7A3CBAED1]\nE       \tGetHandleVerifier [0x00007FF7A4148B1D+3217341]\nE       \tGetHandleVerifier [0x00007FF7A4195AE3+3532675]\nE       \tGetHandleVerifier [0x00007FF7A418B0E0+3489152]\nE       \tGetHandleVerifier [0x00007FF7A3EEE776+750614]\nE       \t(No symbol) [0x00007FF7A3DC375F]\nE       \t(No symbol) [0x00007FF7A3DBEB14]\nE       \t(No symbol) [0x00007FF7A3DBECA2]\nE       \t(No symbol) [0x00007FF7A3DAE16F]\nE       \tBaseThreadInitThunk [0x00007FF839587344+20]\nE       \tRtlUserThreadStart [0x00007FF83997CC91+33]\n\nvenv\\Lib\\site-packages\\selenium\\webdriver\\support\\wait.py:105: TimeoutException"}, "steps": [{"name": "Создание заказа", "status": "broken", "statusDetails": {"message": "selenium.common.exceptions.TimeoutException: Message: \nStacktrace:\n\tGetHandleVerifier [0x00007FF7A3E3EEA2+31554]\n\t(No symbol) [0x00007FF7A3DB7ED9]\n\t(No symbol) [0x00007FF7A3C7872A]\n\t(No symbol) [0x00007FF7A3CC8434]\n\t(No symbol) [0x00007FF7A3CC853C]\n\t(No symbol) [0x00007FF7A3D0F6A7]\n\t(No symbol) [0x00007FF7A3CED06F]\n\t(No symbol) [0x00007FF7A3D0C977]\n\t(No symbol) [0x00007FF7A3CECDD3]\n\t(No symbol) [0x00007FF7A3CBA33B]\n\t(No symbol) [0x00007FF7A3CBAED1]\n\tGetHandleVerifier [0x00007FF7A4148B1D+3217341]\n\tGetHandleVerifier [0x00007FF7A4195AE3+3532675]\n\tGetHandleVerifier [0x00007FF7A418B0E0+3489152]\n\tGetHandleVerifier [0x00007FF7A3EEE776+750614]\n\t(No symbol) [0x00007FF7A3DC375F]\n\t(No symbol) [0x00007FF7A3DBEB14]\n\t(No symbol) [0x00007FF7A3DBECA2]\n\t(No symbol) [0x00007FF7A3DAE16F]\n\tBaseThreadInitThunk [0x00007FF839587344+20]\n\tRtlUserThreadStart [0x00007FF83997CC91+33]\n\n", "trace": "  File \"C:\\Users\\kolya\\PycharmProjects\\Diplom_Polina_Ziuzina_8\\Diplom_3\\venv\\Lib\\site-packages\\allure_commons\\_allure.py\", line 192, in impl\n    return func(*a, **kw)\n           ^^^^^^^^^^^^^^\n  File \"C:\\Users\\kolya\\PycharmProjects\\Diplom_Polina_Ziuzina_8\\Diplom_3\\pages\\main_page.py\", line 76, in create_order\n    self.wait_for_element_to_be_clickable(MainPageLocators.bun)\n  File \"C:\\Users\\kolya\\PycharmProjects\\Diplom_Polina_Ziuzina_8\\Diplom_3\\venv\\Lib\\site-packages\\allure_commons\\_allure.py\", line 192, in impl\n    return func(*a, **kw)\n           ^^^^^^^^^^^^^^\n  File \"C:\\Users\\kolya\\PycharmProjects\\Diplom_Polina_Ziuzina_8\\Diplom_3\\pages\\base_page.py\", line 23, in wait_for_element_to_be_clickable\n    WebDriverWait(self.driver, 3).until(expected_conditions.element_to_be_clickable(locator))\n  File \"C:\\Users\\kolya\\PycharmProjects\\Diplom_Polina_Ziuzina_8\\Diplom_3\\venv\\Lib\\site-packages\\selenium\\webdriver\\support\\wait.py\", line 105, in until\n    raise TimeoutException(message, screen, stacktrace)\n"}, "steps": [{"name": "Ожидание кликабельности элемента", "status": "broken", "statusDetails": {"message": "selenium.common.exceptions.TimeoutException: Message: \nStacktrace:\n\tGetHandleVerifier [0x00007FF7A3E3EEA2+31554]\n\t(No symbol) [0x00007FF7A3DB7ED9]\n\t(No symbol) [0x00007FF7A3C7872A]\n\t(No symbol) [0x00007FF7A3CC8434]\n\t(No symbol) [0x00007FF7A3CC853C]\n\t(No symbol) [0x00007FF7A3D0F6A7]\n\t(No symbol) [0x00007FF7A3CED06F]\n\t(No symbol) [0x00007FF7A3D0C977]\n\t(No symbol) [0x00007FF7A3CECDD3]\n\t(No symbol) [0x00007FF7A3CBA33B]\n\t(No symbol) [0x00007FF7A3CBAED1]\n\tGetHandleVerifier [0x00007FF7A4148B1D+3217341]\n\tGetHandleVerifier [0x00007FF7A4195AE3+3532675]\n\tGetHandleVerifier [0x00007FF7A418B0E0+3489152]\n\tGetHandleVerifier [0x00007FF7A3EEE776+750614]\n\t(No symbol) [0x00007FF7A3DC375F]\n\t(No symbol) [0x00007FF7A3DBEB14]\n\t(No symbol) [0x00007FF7A3DBECA2]\n\t(No symbol) [0x00007FF7A3DAE16F]\n\tBaseThreadInitThunk [0x00007FF839587344+20]\n\tRtlUserThreadStart [0x00007FF83997CC91+33]\n\n", "trace": "  File \"C:\\Users\\kolya\\PycharmProjects\\Diplom_Polina_Ziuzina_8\\Diplom_3\\venv\\Lib\\site-packages\\allure_commons\\_allure.py\", line 192, in impl\n    return func(*a, **kw)\n           ^^^^^^^^^^^^^^\n  File \"C:\\Users\\kolya\\PycharmProjects\\Diplom_Polina_Ziuzina_8\\Diplom_3\\pages\\base_page.py\", line 23, in wait_for_element_to_be_clickable\n    WebDriverWait(self.driver, 3).until(expected_conditions.element_to_be_clickable(locator))\n  File \"C:\\Users\\kolya\\PycharmProjects\\Diplom_Polina_Ziuzina_8\\Diplom_3\\venv\\Lib\\site-packages\\selenium\\webdriver\\support\\wait.py\", line 105, in until\n    raise TimeoutException(message, screen, stacktrace)\n"}, "parameters": [{"name": "locator", "value": "['xpath', \"//img[@alt='Флюоресцентная булка R2-D3']\"]"}], "start": 1719663440893, "stop": 1719663444175}], "start": 1719663440893, "stop": 1719663444186}], "parameters": [{"name": "driver", "value": "'chrome'"}], "start": 1719663440888, "stop": 1719663444191, "uuid": "29d21bce-7c8c-4195-bbf8-36f2e86c2fc3", "historyId": "07adef0758ce1064c7fc207672f843c8", "testCaseId": "0ac71fcd600b9065e3e5667da5117ace", "fullName": "tests.test_order_feed.TestOrderFeed#test_order_displayed_in_order_feed_and_order_history", "labels": [{"name": "parentSuite", "value": "tests"}, {"name": "suite", "value": "test_order_feed"}, {"name": "subSuite", "value": "TestOrderFeed"}, {"name": "host", "value": "LAPTOP-SK1MV6LR"}, {"name": "thread", "value": "1384-MainThread"}, {"name": "framework", "value": "pytest"}, {"name": "language", "value": "cpython3"}, {"name": "package", "value": "tests.test_order_feed"}]}