{"name": "Тест на появление номера заказа \"В работе\" после оформления заказа", "status": "broken", "statusDetails": {"message": "selenium.common.exceptions.TimeoutException: Message:", "trace": "self = <tests.test_order_feed.TestOrderFeed object at 0x0000023FE255AF30>\ndriver = <selenium.webdriver.firefox.webdriver.WebDriver (session=\"c0fdb6a5-fdef-4cac-98e8-be6a4c8211d0\")>\ncreate_user = ({'email': 'sfowler@example.com', 'name': 'Joshua Aguirre', 'password': '6*Qa0NuL^7'}, <Response [200]>), login = None\n\n    @allure.title('Тест на появление номера заказа \"В работе\" после оформления заказа')\n    def test_order_in_progress(self, driver, create_user, login):\n        main_page = MainPage(driver)\n        order_page = OrderFeedPage(driver)\n>       order_number = main_page.create_order()\n\ntests\\test_order_feed.py:61: \n_ _ _ _ _ _ _ _ _ _ _ _ _ _ _ _ _ _ _ _ _ _ _ _ _ _ _ _ _ _ _ _ _ _ _ _ _ _ _ _ _ _ _ _ _ _ _ _ _ _ _ _ _ _ _ _ _ _ _ _ _ _ _ _ _ _ _ _ _ _ _ _ _ _ _ _ _ _ _ _ _ \npages\\main_page.py:79: in create_order\n    self.check_invisibility(MainPageLocators.default_number_order)\npages\\base_page.py:51: in check_invisibility\n    return WebDriverWait(self.driver, 15).until(expected_conditions.invisibility_of_element(locator))\n_ _ _ _ _ _ _ _ _ _ _ _ _ _ _ _ _ _ _ _ _ _ _ _ _ _ _ _ _ _ _ _ _ _ _ _ _ _ _ _ _ _ _ _ _ _ _ _ _ _ _ _ _ _ _ _ _ _ _ _ _ _ _ _ _ _ _ _ _ _ _ _ _ _ _ _ _ _ _ _ _ \n\nself = <selenium.webdriver.support.wait.WebDriverWait (session=\"c0fdb6a5-fdef-4cac-98e8-be6a4c8211d0\")>\nmethod = <function invisibility_of_element_located.<locals>._predicate at 0x0000023FE25A8360>, message = ''\n\n    def until(self, method: Callable[[D], Union[Literal[False], T]], message: str = \"\") -> T:\n        \"\"\"Calls the method provided with the driver as an argument until the \\\n        return value does not evaluate to ``False``.\n    \n        :param method: callable(WebDriver)\n        :param message: optional message for :exc:`TimeoutException`\n        :returns: the result of the last call to `method`\n        :raises: :exc:`selenium.common.exceptions.TimeoutException` if timeout occurs\n        \"\"\"\n        screen = None\n        stacktrace = None\n    \n        end_time = time.monotonic() + self._timeout\n        while True:\n            try:\n                value = method(self._driver)\n                if value:\n                    return value\n            except self._ignored_exceptions as exc:\n                screen = getattr(exc, \"screen\", None)\n                stacktrace = getattr(exc, \"stacktrace\", None)\n            time.sleep(self._poll)\n            if time.monotonic() > end_time:\n                break\n>       raise TimeoutException(message, screen, stacktrace)\nE       selenium.common.exceptions.TimeoutException: Message:\n\nvenv\\Lib\\site-packages\\selenium\\webdriver\\support\\wait.py:105: TimeoutException"}, "steps": [{"name": "Создание заказа", "status": "broken", "statusDetails": {"message": "selenium.common.exceptions.TimeoutException: Message: \n\n", "trace": "  File \"C:\\Users\\kolya\\PycharmProjects\\Diplom_Polina_Ziuzina_8\\Diplom_3\\venv\\Lib\\site-packages\\allure_commons\\_allure.py\", line 192, in impl\n    return func(*a, **kw)\n           ^^^^^^^^^^^^^^\n  File \"C:\\Users\\kolya\\PycharmProjects\\Diplom_Polina_Ziuzina_8\\Diplom_3\\pages\\main_page.py\", line 79, in create_order\n    self.check_invisibility(MainPageLocators.default_number_order)\n  File \"C:\\Users\\kolya\\PycharmProjects\\Diplom_Polina_Ziuzina_8\\Diplom_3\\venv\\Lib\\site-packages\\allure_commons\\_allure.py\", line 192, in impl\n    return func(*a, **kw)\n           ^^^^^^^^^^^^^^\n  File \"C:\\Users\\kolya\\PycharmProjects\\Diplom_Polina_Ziuzina_8\\Diplom_3\\pages\\base_page.py\", line 51, in check_invisibility\n    return WebDriverWait(self.driver, 15).until(expected_conditions.invisibility_of_element(locator))\n           ^^^^^^^^^^^^^^^^^^^^^^^^^^^^^^^^^^^^^^^^^^^^^^^^^^^^^^^^^^^^^^^^^^^^^^^^^^^^^^^^^^^^^^^^^^\n  File \"C:\\Users\\kolya\\PycharmProjects\\Diplom_Polina_Ziuzina_8\\Diplom_3\\venv\\Lib\\site-packages\\selenium\\webdriver\\support\\wait.py\", line 105, in until\n    raise TimeoutException(message, screen, stacktrace)\n"}, "steps": [{"name": "Ожидание кликабельности элемента", "status": "passed", "parameters": [{"name": "locator", "value": "['xpath', \"//img[@alt='Флюоресцентная булка R2-D3']\"]"}], "start": 1719663577498, "stop": 1719663577613}, {"name": "Перетаскивание булки в корзину", "status": "passed", "steps": [{"name": "Перетаскивание элемента", "status": "passed", "parameters": [{"name": "source_element", "value": "['xpath', \"//img[@alt='Флюоресцентная булка R2-D3']\"]"}, {"name": "target_element", "value": "['xpath', \"//span[@class='constructor-element__text']\"]"}], "start": 1719663577613, "stop": 1719663578218}], "start": 1719663577613, "stop": 1719663578218}, {"name": "Клик на кнопку \"Оформить заказ\"", "status": "passed", "steps": [{"name": "Ожидание кликабельности элемента", "status": "passed", "parameters": [{"name": "locator", "value": "['xpath', \"//button[text()='Оформить заказ']\"]"}], "start": 1719663578218, "stop": 1719663578251}, {"name": "Клик по элементу", "status": "passed", "parameters": [{"name": "locator", "value": "['xpath', \"//button[text()='Оформить заказ']\"]"}], "start": 1719663578252, "stop": 1719663578496}], "start": 1719663578218, "stop": 1719663578496}, {"name": "Проверка отсутствия элемента", "status": "broken", "statusDetails": {"message": "selenium.common.exceptions.TimeoutException: Message: \n\n", "trace": "  File \"C:\\Users\\kolya\\PycharmProjects\\Diplom_Polina_Ziuzina_8\\Diplom_3\\venv\\Lib\\site-packages\\allure_commons\\_allure.py\", line 192, in impl\n    return func(*a, **kw)\n           ^^^^^^^^^^^^^^\n  File \"C:\\Users\\kolya\\PycharmProjects\\Diplom_Polina_Ziuzina_8\\Diplom_3\\pages\\base_page.py\", line 51, in check_invisibility\n    return WebDriverWait(self.driver, 15).until(expected_conditions.invisibility_of_element(locator))\n           ^^^^^^^^^^^^^^^^^^^^^^^^^^^^^^^^^^^^^^^^^^^^^^^^^^^^^^^^^^^^^^^^^^^^^^^^^^^^^^^^^^^^^^^^^^\n  File \"C:\\Users\\kolya\\PycharmProjects\\Diplom_Polina_Ziuzina_8\\Diplom_3\\venv\\Lib\\site-packages\\selenium\\webdriver\\support\\wait.py\", line 105, in until\n    raise TimeoutException(message, screen, stacktrace)\n"}, "parameters": [{"name": "locator", "value": "['xpath', '//h2[text()=\"9999\"]']"}], "start": 1719663578496, "stop": 1719663593637}], "start": 1719663577498, "stop": 1719663593661}], "parameters": [{"name": "driver", "value": "'firefox'"}], "start": 1719663577494, "stop": 1719663593664, "uuid": "5a29ce3d-a388-4498-87ae-199e20646544", "historyId": "d7813d62616f581ec2147020c2d91fbb", "testCaseId": "db22de7e6445bc8b783ef3182ac18fe0", "fullName": "tests.test_order_feed.TestOrderFeed#test_order_in_progress", "labels": [{"name": "parentSuite", "value": "tests"}, {"name": "suite", "value": "test_order_feed"}, {"name": "subSuite", "value": "TestOrderFeed"}, {"name": "host", "value": "LAPTOP-SK1MV6LR"}, {"name": "thread", "value": "1384-MainThread"}, {"name": "framework", "value": "pytest"}, {"name": "language", "value": "cpython3"}, {"name": "package", "value": "tests.test_order_feed"}]}